<?xml version="1.0" encoding="UTF-8"?>
<testng-results skipped="0" failed="0" ignored="0" total="9" passed="9">
  <reporter-output>
  </reporter-output>
  <suite name="Command line suite" duration-ms="44833" started-at="2021-05-25T00:57:34Z" finished-at="2021-05-25T00:58:19Z">
    <groups>
    </groups>
    <test name="Command line test" duration-ms="44833" started-at="2021-05-25T00:57:34Z" finished-at="2021-05-25T00:58:19Z">
      <class name="com.crm.qa.testcases.HomePageTest">
        <test-method status="PASS" signature="setUp()[pri:0, instance:com.crm.qa.testcases.HomePageTest@79b4d0f]" name="setUp" is-config="true" duration-ms="3570" started-at="2021-05-24T20:57:40Z" finished-at="2021-05-24T20:57:44Z">
          <reporter-output>
          </reporter-output>
        </test-method> <!-- setUp -->
        <test-method status="PASS" signature="verifyHomePageTitleTest()[pri:1, instance:com.crm.qa.testcases.HomePageTest@79b4d0f]" name="verifyHomePageTitleTest" duration-ms="18" started-at="2021-05-24T20:57:44Z" finished-at="2021-05-24T20:57:44Z">
          <reporter-output>
          </reporter-output>
        </test-method> <!-- verifyHomePageTitleTest -->
        <test-method status="PASS" signature="tearDown()[pri:0, instance:com.crm.qa.testcases.HomePageTest@79b4d0f]" name="tearDown" is-config="true" duration-ms="127" started-at="2021-05-24T20:57:44Z" finished-at="2021-05-24T20:57:44Z">
          <reporter-output>
          </reporter-output>
        </test-method> <!-- tearDown -->
        <test-method status="PASS" signature="setUp()[pri:0, instance:com.crm.qa.testcases.HomePageTest@79b4d0f]" name="setUp" is-config="true" duration-ms="4572" started-at="2021-05-24T20:57:52Z" finished-at="2021-05-24T20:57:56Z">
          <reporter-output>
          </reporter-output>
        </test-method> <!-- setUp -->
        <test-method status="PASS" signature="verifyCurrectUserNameTest()[pri:2, instance:com.crm.qa.testcases.HomePageTest@79b4d0f]" name="verifyCurrectUserNameTest" duration-ms="620" started-at="2021-05-24T20:57:56Z" finished-at="2021-05-24T20:57:57Z">
          <reporter-output>
          </reporter-output>
        </test-method> <!-- verifyCurrectUserNameTest -->
        <test-method status="PASS" signature="tearDown()[pri:0, instance:com.crm.qa.testcases.HomePageTest@79b4d0f]" name="tearDown" is-config="true" duration-ms="141" started-at="2021-05-24T20:57:57Z" finished-at="2021-05-24T20:57:57Z">
          <reporter-output>
          </reporter-output>
        </test-method> <!-- tearDown -->
        <test-method status="PASS" signature="setUp()[pri:0, instance:com.crm.qa.testcases.HomePageTest@79b4d0f]" name="setUp" is-config="true" duration-ms="4268" started-at="2021-05-24T20:58:09Z" finished-at="2021-05-24T20:58:13Z">
          <reporter-output>
          </reporter-output>
        </test-method> <!-- setUp -->
        <test-method status="PASS" signature="verifyClickOnContactLink()[pri:3, instance:com.crm.qa.testcases.HomePageTest@79b4d0f]" name="verifyClickOnContactLink" duration-ms="794" started-at="2021-05-24T20:58:13Z" finished-at="2021-05-24T20:58:14Z">
          <reporter-output>
          </reporter-output>
        </test-method> <!-- verifyClickOnContactLink -->
        <test-method status="PASS" signature="tearDown()[pri:0, instance:com.crm.qa.testcases.HomePageTest@79b4d0f]" name="tearDown" is-config="true" duration-ms="101" started-at="2021-05-24T20:58:14Z" finished-at="2021-05-24T20:58:14Z">
          <reporter-output>
          </reporter-output>
        </test-method> <!-- tearDown -->
      </class> <!-- com.crm.qa.testcases.HomePageTest -->
      <class name="com.crm.qa.testcases.ContactsPageTest">
        <test-method status="PASS" signature="setUp()[pri:0, instance:com.crm.qa.testcases.ContactsPageTest@3fb6a447]" name="setUp" is-config="true" duration-ms="5982" started-at="2021-05-24T20:57:34Z" finished-at="2021-05-24T20:57:40Z">
          <reporter-output>
          </reporter-output>
        </test-method> <!-- setUp -->
        <test-method status="PASS" signature="verifyContactsLinkTest()[pri:1, instance:com.crm.qa.testcases.ContactsPageTest@3fb6a447]" name="verifyContactsLinkTest" duration-ms="50" started-at="2021-05-24T20:57:40Z" finished-at="2021-05-24T20:57:40Z">
          <reporter-output>
          </reporter-output>
        </test-method> <!-- verifyContactsLinkTest -->
        <test-method status="PASS" signature="tearDown()[pri:0, instance:com.crm.qa.testcases.ContactsPageTest@3fb6a447]" name="tearDown" is-config="true" duration-ms="146" started-at="2021-05-24T20:57:40Z" finished-at="2021-05-24T20:57:40Z">
          <reporter-output>
          </reporter-output>
        </test-method> <!-- tearDown -->
        <test-method status="PASS" signature="setUp()[pri:0, instance:com.crm.qa.testcases.ContactsPageTest@3fb6a447]" name="setUp" is-config="true" duration-ms="5012" started-at="2021-05-24T20:57:46Z" finished-at="2021-05-24T20:57:51Z">
          <reporter-output>
          </reporter-output>
        </test-method> <!-- setUp -->
        <test-method status="PASS" signature="verifyShowFilterLabel()[pri:2, instance:com.crm.qa.testcases.ContactsPageTest@3fb6a447]" name="verifyShowFilterLabel" duration-ms="34" started-at="2021-05-24T20:57:51Z" finished-at="2021-05-24T20:57:51Z">
          <reporter-output>
          </reporter-output>
        </test-method> <!-- verifyShowFilterLabel -->
        <test-method status="PASS" signature="tearDown()[pri:0, instance:com.crm.qa.testcases.ContactsPageTest@3fb6a447]" name="tearDown" is-config="true" duration-ms="151" started-at="2021-05-24T20:57:51Z" finished-at="2021-05-24T20:57:52Z">
          <reporter-output>
          </reporter-output>
        </test-method> <!-- tearDown -->
        <test-method status="PASS" signature="setUp()[pri:0, instance:com.crm.qa.testcases.ContactsPageTest@3fb6a447]" name="setUp" is-config="true" duration-ms="5373" started-at="2021-05-24T20:58:03Z" finished-at="2021-05-24T20:58:09Z">
          <reporter-output>
          </reporter-output>
        </test-method> <!-- setUp -->
        <test-method status="PASS" signature="verifySingleSelectContactByNameTest()[pri:3, instance:com.crm.qa.testcases.ContactsPageTest@3fb6a447]" name="verifySingleSelectContactByNameTest" duration-ms="52" started-at="2021-05-24T20:58:09Z" finished-at="2021-05-24T20:58:09Z">
          <reporter-output>
          </reporter-output>
        </test-method> <!-- verifySingleSelectContactByNameTest -->
        <test-method status="PASS" signature="tearDown()[pri:0, instance:com.crm.qa.testcases.ContactsPageTest@3fb6a447]" name="tearDown" is-config="true" duration-ms="129" started-at="2021-05-24T20:58:09Z" finished-at="2021-05-24T20:58:09Z">
          <reporter-output>
          </reporter-output>
        </test-method> <!-- tearDown -->
      </class> <!-- com.crm.qa.testcases.ContactsPageTest -->
      <class name="com.crm.qa.testcases.LoginPageTest">
        <test-method status="PASS" signature="setUp()[pri:0, instance:com.crm.qa.testcases.LoginPageTest@6b2fad11]" name="setUp" is-config="true" duration-ms="2222" started-at="2021-05-24T20:57:44Z" finished-at="2021-05-24T20:57:46Z">
          <reporter-output>
          </reporter-output>
        </test-method> <!-- setUp -->
        <test-method status="PASS" signature="loginPageTitleTest()[pri:1, instance:com.crm.qa.testcases.LoginPageTest@6b2fad11]" name="loginPageTitleTest" duration-ms="5" started-at="2021-05-24T20:57:46Z" finished-at="2021-05-24T20:57:46Z">
          <reporter-output>
          </reporter-output>
        </test-method> <!-- loginPageTitleTest -->
        <test-method status="PASS" signature="tearDown()[pri:0, instance:com.crm.qa.testcases.LoginPageTest@6b2fad11]" name="tearDown" is-config="true" duration-ms="117" started-at="2021-05-24T20:57:46Z" finished-at="2021-05-24T20:57:46Z">
          <reporter-output>
          </reporter-output>
        </test-method> <!-- tearDown -->
        <test-method status="PASS" signature="setUp()[pri:0, instance:com.crm.qa.testcases.LoginPageTest@6b2fad11]" name="setUp" is-config="true" duration-ms="2372" started-at="2021-05-24T20:57:57Z" finished-at="2021-05-24T20:57:59Z">
          <reporter-output>
          </reporter-output>
        </test-method> <!-- setUp -->
        <test-method status="PASS" signature="crmLogoImageTest()[pri:2, instance:com.crm.qa.testcases.LoginPageTest@6b2fad11]" name="crmLogoImageTest" duration-ms="1669" started-at="2021-05-24T20:57:59Z" finished-at="2021-05-24T20:58:01Z">
          <reporter-output>
          </reporter-output>
        </test-method> <!-- crmLogoImageTest -->
        <test-method status="PASS" signature="tearDown()[pri:0, instance:com.crm.qa.testcases.LoginPageTest@6b2fad11]" name="tearDown" is-config="true" duration-ms="2341" started-at="2021-05-24T20:58:01Z" finished-at="2021-05-24T20:58:03Z">
          <reporter-output>
          </reporter-output>
        </test-method> <!-- tearDown -->
        <test-method status="PASS" signature="setUp()[pri:0, instance:com.crm.qa.testcases.LoginPageTest@6b2fad11]" name="setUp" is-config="true" duration-ms="2552" started-at="2021-05-24T20:58:14Z" finished-at="2021-05-24T20:58:16Z">
          <reporter-output>
          </reporter-output>
        </test-method> <!-- setUp -->
        <test-method status="PASS" signature="loginTest()[pri:3, instance:com.crm.qa.testcases.LoginPageTest@6b2fad11]" name="loginTest" duration-ms="2263" started-at="2021-05-24T20:58:16Z" finished-at="2021-05-24T20:58:19Z">
          <reporter-output>
          </reporter-output>
        </test-method> <!-- loginTest -->
        <test-method status="PASS" signature="tearDown()[pri:0, instance:com.crm.qa.testcases.LoginPageTest@6b2fad11]" name="tearDown" is-config="true" duration-ms="130" started-at="2021-05-24T20:58:19Z" finished-at="2021-05-24T20:58:19Z">
          <reporter-output>
          </reporter-output>
        </test-method> <!-- tearDown -->
      </class> <!-- com.crm.qa.testcases.LoginPageTest -->
    </test> <!-- Command line test -->
  </suite> <!-- Command line suite -->
</testng-results>
