<?xml version="1.0" encoding="UTF-8" ?>
<testsuite tests="9" failures="0" name="TestSuite" time="5.502" errors="0" skipped="0">
  <properties>
[...]
</properties>
  <testcase classname="com.crm.qa.testcases.ContactsPageTest" name="verifyContactsLinkTest" time="0.05"/>
  <testcase classname="com.crm.qa.testcases.HomePageTest" name="verifyHomePageTitleTest" time="0.017"/>
  <testcase classname="com.crm.qa.testcases.LoginPageTest" name="loginPageTitleTest" time="0.006"/>
  <testcase classname="com.crm.qa.testcases.ContactsPageTest" name="verifyShowFilterLabel" time="0.033"/>
  <testcase classname="com.crm.qa.testcases.HomePageTest" name="verifyCurrectUserNameTest" time="0.62"/>
  <testcase classname="com.crm.qa.testcases.LoginPageTest" name="crmLogoImageTest" time="1.669"/>
  <testcase classname="com.crm.qa.testcases.ContactsPageTest" name="verifySingleSelectContactByNameTest" time="0.051"/>
  <testcase classname="com.crm.qa.testcases.HomePageTest" name="verifyClickOnContactLink" time="0.793"/>
  <testcase classname="com.crm.qa.testcases.LoginPageTest" name="loginTest" time="2.263"/>
</testsuite>