<?xml version="1.0" encoding="UTF-8"?>
<!-- Generated by org.testng.reporters.JUnitXMLReporter -->
<testsuite hostname="Poornas-MacBook-Pro.local" ignored="0" name="Command line test" tests="9" failures="0" timestamp="25 May 2021 00:58:24 GMT" time="44.833" errors="0">
  <testcase name="verifyContactsLinkTest" time="0.05" classname="com.crm.qa.testcases.ContactsPageTest"/>
  <testcase name="verifyHomePageTitleTest" time="0.018" classname="com.crm.qa.testcases.HomePageTest"/>
  <testcase name="loginPageTitleTest" time="0.005" classname="com.crm.qa.testcases.LoginPageTest"/>
  <testcase name="verifyShowFilterLabel" time="0.034" classname="com.crm.qa.testcases.ContactsPageTest"/>
  <testcase name="verifyCurrectUserNameTest" time="0.62" classname="com.crm.qa.testcases.HomePageTest"/>
  <testcase name="crmLogoImageTest" time="1.669" classname="com.crm.qa.testcases.LoginPageTest"/>
  <testcase name="verifySingleSelectContactByNameTest" time="0.052" classname="com.crm.qa.testcases.ContactsPageTest"/>
  <testcase name="verifyClickOnContactLink" time="0.794" classname="com.crm.qa.testcases.HomePageTest"/>
  <testcase name="loginTest" time="2.263" classname="com.crm.qa.testcases.LoginPageTest"/>
</testsuite> <!-- Command line test -->
