<?xml version="1.0" encoding="UTF-8"?>
<!-- Generated by org.testng.reporters.JUnitXMLReporter -->
<testsuite ignored="0" hostname="Poornas-MacBook-Pro.local" failures="0" tests="9" name="FREECRM Application Test" time="37.878" errors="0" timestamp="25 May 2021 01:09:10 GMT">
  <testcase classname="com.crm.qa.testcases.LoginPageTest" name="loginPageTitleTest" time="0.018"/>
  <testcase classname="com.crm.qa.testcases.HomePageTest" name="verifyHomePageTitleTest" time="0.016"/>
  <testcase classname="com.crm.qa.testcases.ContactsPageTest" name="verifyContactsLinkTest" time="0.052"/>
  <testcase classname="com.crm.qa.testcases.LoginPageTest" name="crmLogoImageTest" time="1.262"/>
  <testcase classname="com.crm.qa.testcases.HomePageTest" name="verifyCurrectUserNameTest" time="0.582"/>
  <testcase classname="com.crm.qa.testcases.ContactsPageTest" name="verifyShowFilterLabel" time="0.023"/>
  <testcase classname="com.crm.qa.testcases.LoginPageTest" name="loginTest" time="1.352"/>
  <testcase classname="com.crm.qa.testcases.HomePageTest" name="verifyClickOnContactLink" time="0.902"/>
  <testcase classname="com.crm.qa.testcases.ContactsPageTest" name="verifySingleSelectContactByNameTest" time="0.446"/>
</testsuite> <!-- FREECRM Application Test -->
