<?xml version="1.0" encoding="UTF-8"?>
<testng-results ignored="0" total="9" passed="9" failed="0" skipped="0">
  <reporter-output>
  </reporter-output>
  <suite started-at="2021-05-25T01:08:27Z" name="FREECRM Application Test Automation Suite" finished-at="2021-05-25T01:09:04Z" duration-ms="37878">
    <groups>
    </groups>
    <test started-at="2021-05-25T01:08:27Z" name="FREECRM Application Test" finished-at="2021-05-25T01:09:04Z" duration-ms="37878">
      <class name="com.crm.qa.testcases.HomePageTest">
        <test-method is-config="true" signature="setUp()[pri:0, instance:com.crm.qa.testcases.HomePageTest@21680803]" started-at="2021-05-24T21:08:30Z" name="setUp" finished-at="2021-05-24T21:08:34Z" duration-ms="3556" status="PASS">
          <reporter-output>
          </reporter-output>
        </test-method> <!-- setUp -->
        <test-method signature="verifyHomePageTitleTest()[pri:1, instance:com.crm.qa.testcases.HomePageTest@21680803]" started-at="2021-05-24T21:08:34Z" name="verifyHomePageTitleTest" finished-at="2021-05-24T21:08:34Z" duration-ms="16" status="PASS">
          <reporter-output>
          </reporter-output>
        </test-method> <!-- verifyHomePageTitleTest -->
        <test-method is-config="true" signature="tearDown()[pri:0, instance:com.crm.qa.testcases.HomePageTest@21680803]" started-at="2021-05-24T21:08:34Z" name="tearDown" finished-at="2021-05-24T21:08:34Z" duration-ms="94" status="PASS">
          <reporter-output>
          </reporter-output>
        </test-method> <!-- tearDown -->
        <test-method is-config="true" signature="setUp()[pri:0, instance:com.crm.qa.testcases.HomePageTest@21680803]" started-at="2021-05-24T21:08:42Z" name="setUp" finished-at="2021-05-24T21:08:45Z" duration-ms="3365" status="PASS">
          <reporter-output>
          </reporter-output>
        </test-method> <!-- setUp -->
        <test-method signature="verifyCurrectUserNameTest()[pri:2, instance:com.crm.qa.testcases.HomePageTest@21680803]" started-at="2021-05-24T21:08:45Z" name="verifyCurrectUserNameTest" finished-at="2021-05-24T21:08:46Z" duration-ms="582" status="PASS">
          <reporter-output>
          </reporter-output>
        </test-method> <!-- verifyCurrectUserNameTest -->
        <test-method is-config="true" signature="tearDown()[pri:0, instance:com.crm.qa.testcases.HomePageTest@21680803]" started-at="2021-05-24T21:08:46Z" name="tearDown" finished-at="2021-05-24T21:08:46Z" duration-ms="139" status="PASS">
          <reporter-output>
          </reporter-output>
        </test-method> <!-- tearDown -->
        <test-method is-config="true" signature="setUp()[pri:0, instance:com.crm.qa.testcases.HomePageTest@21680803]" started-at="2021-05-24T21:08:54Z" name="setUp" finished-at="2021-05-24T21:08:58Z" duration-ms="4319" status="PASS">
          <reporter-output>
          </reporter-output>
        </test-method> <!-- setUp -->
        <test-method signature="verifyClickOnContactLink()[pri:3, instance:com.crm.qa.testcases.HomePageTest@21680803]" started-at="2021-05-24T21:08:58Z" name="verifyClickOnContactLink" finished-at="2021-05-24T21:08:59Z" duration-ms="902" status="PASS">
          <reporter-output>
          </reporter-output>
        </test-method> <!-- verifyClickOnContactLink -->
        <test-method is-config="true" signature="tearDown()[pri:0, instance:com.crm.qa.testcases.HomePageTest@21680803]" started-at="2021-05-24T21:08:59Z" name="tearDown" finished-at="2021-05-24T21:08:59Z" duration-ms="96" status="PASS">
          <reporter-output>
          </reporter-output>
        </test-method> <!-- tearDown -->
      </class> <!-- com.crm.qa.testcases.HomePageTest -->
      <class name="com.crm.qa.testcases.ContactsPageTest">
        <test-method is-config="true" signature="setUp()[pri:0, instance:com.crm.qa.testcases.ContactsPageTest@588ab592]" started-at="2021-05-24T21:08:34Z" name="setUp" finished-at="2021-05-24T21:08:38Z" duration-ms="4379" status="PASS">
          <reporter-output>
          </reporter-output>
        </test-method> <!-- setUp -->
        <test-method signature="verifyContactsLinkTest()[pri:1, instance:com.crm.qa.testcases.ContactsPageTest@588ab592]" started-at="2021-05-24T21:08:38Z" name="verifyContactsLinkTest" finished-at="2021-05-24T21:08:38Z" duration-ms="52" status="PASS">
          <reporter-output>
          </reporter-output>
        </test-method> <!-- verifyContactsLinkTest -->
        <test-method is-config="true" signature="tearDown()[pri:0, instance:com.crm.qa.testcases.ContactsPageTest@588ab592]" started-at="2021-05-24T21:08:38Z" name="tearDown" finished-at="2021-05-24T21:08:38Z" duration-ms="96" status="PASS">
          <reporter-output>
          </reporter-output>
        </test-method> <!-- tearDown -->
        <test-method is-config="true" signature="setUp()[pri:0, instance:com.crm.qa.testcases.ContactsPageTest@588ab592]" started-at="2021-05-24T21:08:46Z" name="setUp" finished-at="2021-05-24T21:08:50Z" duration-ms="4217" status="PASS">
          <reporter-output>
          </reporter-output>
        </test-method> <!-- setUp -->
        <test-method signature="verifyShowFilterLabel()[pri:2, instance:com.crm.qa.testcases.ContactsPageTest@588ab592]" started-at="2021-05-24T21:08:50Z" name="verifyShowFilterLabel" finished-at="2021-05-24T21:08:50Z" duration-ms="23" status="PASS">
          <reporter-output>
          </reporter-output>
        </test-method> <!-- verifyShowFilterLabel -->
        <test-method is-config="true" signature="tearDown()[pri:0, instance:com.crm.qa.testcases.ContactsPageTest@588ab592]" started-at="2021-05-24T21:08:50Z" name="tearDown" finished-at="2021-05-24T21:08:50Z" duration-ms="96" status="PASS">
          <reporter-output>
          </reporter-output>
        </test-method> <!-- tearDown -->
        <test-method is-config="true" signature="setUp()[pri:0, instance:com.crm.qa.testcases.ContactsPageTest@588ab592]" started-at="2021-05-24T21:08:59Z" name="setUp" finished-at="2021-05-24T21:09:04Z" duration-ms="4730" status="PASS">
          <reporter-output>
          </reporter-output>
        </test-method> <!-- setUp -->
        <test-method signature="verifySingleSelectContactByNameTest()[pri:3, instance:com.crm.qa.testcases.ContactsPageTest@588ab592]" started-at="2021-05-24T21:09:04Z" name="verifySingleSelectContactByNameTest" finished-at="2021-05-24T21:09:04Z" duration-ms="446" status="PASS">
          <reporter-output>
          </reporter-output>
        </test-method> <!-- verifySingleSelectContactByNameTest -->
        <test-method is-config="true" signature="tearDown()[pri:0, instance:com.crm.qa.testcases.ContactsPageTest@588ab592]" started-at="2021-05-24T21:09:04Z" name="tearDown" finished-at="2021-05-24T21:09:04Z" duration-ms="94" status="PASS">
          <reporter-output>
          </reporter-output>
        </test-method> <!-- tearDown -->
      </class> <!-- com.crm.qa.testcases.ContactsPageTest -->
      <class name="com.crm.qa.testcases.LoginPageTest">
        <test-method is-config="true" signature="setUp()[pri:0, instance:com.crm.qa.testcases.LoginPageTest@3e2fc448]" started-at="2021-05-24T21:08:27Z" name="setUp" finished-at="2021-05-24T21:08:30Z" duration-ms="3529" status="PASS">
          <reporter-output>
          </reporter-output>
        </test-method> <!-- setUp -->
        <test-method signature="loginPageTitleTest()[pri:1, instance:com.crm.qa.testcases.LoginPageTest@3e2fc448]" started-at="2021-05-24T21:08:30Z" name="loginPageTitleTest" finished-at="2021-05-24T21:08:30Z" duration-ms="18" status="PASS">
          <reporter-output>
          </reporter-output>
        </test-method> <!-- loginPageTitleTest -->
        <test-method is-config="true" signature="tearDown()[pri:0, instance:com.crm.qa.testcases.LoginPageTest@3e2fc448]" started-at="2021-05-24T21:08:30Z" name="tearDown" finished-at="2021-05-24T21:08:30Z" duration-ms="86" status="PASS">
          <reporter-output>
          </reporter-output>
        </test-method> <!-- tearDown -->
        <test-method is-config="true" signature="setUp()[pri:0, instance:com.crm.qa.testcases.LoginPageTest@3e2fc448]" started-at="2021-05-24T21:08:38Z" name="setUp" finished-at="2021-05-24T21:08:41Z" duration-ms="2037" status="PASS">
          <reporter-output>
          </reporter-output>
        </test-method> <!-- setUp -->
        <test-method signature="crmLogoImageTest()[pri:2, instance:com.crm.qa.testcases.LoginPageTest@3e2fc448]" started-at="2021-05-24T21:08:41Z" name="crmLogoImageTest" finished-at="2021-05-24T21:08:42Z" duration-ms="1262" status="PASS">
          <reporter-output>
          </reporter-output>
        </test-method> <!-- crmLogoImageTest -->
        <test-method is-config="true" signature="tearDown()[pri:0, instance:com.crm.qa.testcases.LoginPageTest@3e2fc448]" started-at="2021-05-24T21:08:42Z" name="tearDown" finished-at="2021-05-24T21:08:42Z" duration-ms="148" status="PASS">
          <reporter-output>
          </reporter-output>
        </test-method> <!-- tearDown -->
        <test-method is-config="true" signature="setUp()[pri:0, instance:com.crm.qa.testcases.LoginPageTest@3e2fc448]" started-at="2021-05-24T21:08:50Z" name="setUp" finished-at="2021-05-24T21:08:52Z" duration-ms="2093" status="PASS">
          <reporter-output>
          </reporter-output>
        </test-method> <!-- setUp -->
        <test-method signature="loginTest()[pri:3, instance:com.crm.qa.testcases.LoginPageTest@3e2fc448]" started-at="2021-05-24T21:08:52Z" name="loginTest" finished-at="2021-05-24T21:08:54Z" duration-ms="1352" status="PASS">
          <reporter-output>
          </reporter-output>
        </test-method> <!-- loginTest -->
        <test-method is-config="true" signature="tearDown()[pri:0, instance:com.crm.qa.testcases.LoginPageTest@3e2fc448]" started-at="2021-05-24T21:08:54Z" name="tearDown" finished-at="2021-05-24T21:08:54Z" duration-ms="89" status="PASS">
          <reporter-output>
          </reporter-output>
        </test-method> <!-- tearDown -->
      </class> <!-- com.crm.qa.testcases.LoginPageTest -->
    </test> <!-- FREECRM Application Test -->
  </suite> <!-- FREECRM Application Test Automation Suite -->
</testng-results>
